2022-07-23 21:55:42,267:INFO:Initializing load_model()
2022-07-23 21:55:42,268:INFO:load_model(model_name=deployment_23072022, platform=None, authentication=None, verbose=True)
2022-07-23 21:56:48,861:INFO:Initializing load_model()
2022-07-23 21:56:48,861:INFO:load_model(model_name=deployment_23072022, platform=None, authentication=None, verbose=True)
2022-07-23 21:56:49,074:INFO:Initializing predict_model()
2022-07-23 21:56:49,074:INFO:predict_model(estimator=Pipeline(steps=[('dtypes',
                 DataTypes_Auto_infer(ml_usecase='classification',
                                      target='target')),
                ('imputer',
                 Simple_Imputer(categorical_strategy='not_available',
                                fill_value_categorical=None,
                                fill_value_numerical=None,
                                numeric_strategy='mean',
                                target_variable=None)),
                ('new_levels1',
                 New_Catagorical_Levels_in_TestData(replacement_strategy='least '
                                                                         'frequent',
                                                    targ...
                ('clean_names', Clean_Colum_Names()),
                ('feature_select', 'passthrough'), ('fix_multi', 'passthrough'),
                ('dfs', 'passthrough'), ('pca', 'passthrough'),
                ['trained_model',
                 ExtraTreesClassifier(class_weight={}, criterion='entropy',
                                      max_depth=5, max_features=1.0,
                                      min_impurity_decrease=0.0002,
                                      min_samples_leaf=5, min_samples_split=10,
                                      n_estimators=150, n_jobs=-1,
                                      random_state=123)]]), probability_threshold=None, encoded_labels=False, raw_score=False, round=4, verbose=True, ml_usecase=MLUsecase.CLASSIFICATION, display=None)
2022-07-23 21:56:49,102:INFO:Checking exceptions
2022-07-23 21:56:49,102:INFO:Preloading libraries
2022-07-23 23:03:18,884:INFO:Initializing load_model()
2022-07-23 23:03:18,898:INFO:load_model(model_name=deployment_23072022, platform=None, authentication=None, verbose=True)
2022-07-23 23:05:49,451:INFO:Initializing load_model()
2022-07-23 23:05:49,451:INFO:load_model(model_name=deployment_23072022, platform=None, authentication=None, verbose=True)
2022-07-23 23:06:08,372:INFO:Initializing load_model()
2022-07-23 23:06:08,373:INFO:load_model(model_name=deployment_23072022, platform=None, authentication=None, verbose=True)
2022-07-23 23:06:08,548:INFO:Initializing predict_model()
2022-07-23 23:06:08,549:INFO:predict_model(estimator=Pipeline(steps=[('dtypes',
                 DataTypes_Auto_infer(ml_usecase='classification',
                                      target='target')),
                ('imputer',
                 Simple_Imputer(categorical_strategy='not_available',
                                fill_value_categorical=None,
                                fill_value_numerical=None,
                                numeric_strategy='mean',
                                target_variable=None)),
                ('new_levels1',
                 New_Catagorical_Levels_in_TestData(replacement_strategy='least '
                                                                         'frequent',
                                                    targ...
                ('clean_names', Clean_Colum_Names()),
                ('feature_select', 'passthrough'), ('fix_multi', 'passthrough'),
                ('dfs', 'passthrough'), ('pca', 'passthrough'),
                ['trained_model',
                 ExtraTreesClassifier(class_weight={}, criterion='entropy',
                                      max_depth=5, max_features=1.0,
                                      min_impurity_decrease=0.0002,
                                      min_samples_leaf=5, min_samples_split=10,
                                      n_estimators=150, n_jobs=-1,
                                      random_state=123)]]), probability_threshold=None, encoded_labels=False, raw_score=False, round=4, verbose=True, ml_usecase=MLUsecase.CLASSIFICATION, display=None)
2022-07-23 23:06:08,549:INFO:Checking exceptions
2022-07-23 23:06:08,550:INFO:Preloading libraries
2022-07-23 23:18:58,311:INFO:Initializing load_model()
2022-07-23 23:18:58,311:INFO:load_model(model_name=deployment_23072022, platform=None, authentication=None, verbose=True)
2022-07-23 23:21:32,280:INFO:Initializing load_model()
2022-07-23 23:21:32,280:INFO:load_model(model_name=deployment_23072022, platform=None, authentication=None, verbose=True)
2022-07-23 23:21:45,015:INFO:Initializing load_model()
2022-07-23 23:21:45,016:INFO:load_model(model_name=deployment_23072022, platform=None, authentication=None, verbose=True)
2022-07-23 23:21:45,154:INFO:Initializing predict_model()
2022-07-23 23:21:45,154:INFO:predict_model(estimator=Pipeline(steps=[('dtypes',
                 DataTypes_Auto_infer(ml_usecase='classification',
                                      target='target')),
                ('imputer',
                 Simple_Imputer(categorical_strategy='not_available',
                                fill_value_categorical=None,
                                fill_value_numerical=None,
                                numeric_strategy='mean',
                                target_variable=None)),
                ('new_levels1',
                 New_Catagorical_Levels_in_TestData(replacement_strategy='least '
                                                                         'frequent',
                                                    targ...
                ('clean_names', Clean_Colum_Names()),
                ('feature_select', 'passthrough'), ('fix_multi', 'passthrough'),
                ('dfs', 'passthrough'), ('pca', 'passthrough'),
                ['trained_model',
                 ExtraTreesClassifier(class_weight={}, criterion='entropy',
                                      max_depth=5, max_features=1.0,
                                      min_impurity_decrease=0.0002,
                                      min_samples_leaf=5, min_samples_split=10,
                                      n_estimators=150, n_jobs=-1,
                                      random_state=123)]]), probability_threshold=None, encoded_labels=False, raw_score=False, round=4, verbose=True, ml_usecase=MLUsecase.CLASSIFICATION, display=None)
2022-07-23 23:21:45,155:INFO:Checking exceptions
2022-07-23 23:21:45,155:INFO:Preloading libraries
2022-07-23 23:21:53,022:INFO:Initializing load_model()
2022-07-23 23:21:53,022:INFO:load_model(model_name=deployment_23072022, platform=None, authentication=None, verbose=True)
2022-07-23 23:21:53,509:INFO:Initializing predict_model()
2022-07-23 23:21:53,509:INFO:predict_model(estimator=Pipeline(steps=[('dtypes',
                 DataTypes_Auto_infer(ml_usecase='classification',
                                      target='target')),
                ('imputer',
                 Simple_Imputer(categorical_strategy='not_available',
                                fill_value_categorical=None,
                                fill_value_numerical=None,
                                numeric_strategy='mean',
                                target_variable=None)),
                ('new_levels1',
                 New_Catagorical_Levels_in_TestData(replacement_strategy='least '
                                                                         'frequent',
                                                    targ...
                ('clean_names', Clean_Colum_Names()),
                ('feature_select', 'passthrough'), ('fix_multi', 'passthrough'),
                ('dfs', 'passthrough'), ('pca', 'passthrough'),
                ['trained_model',
                 ExtraTreesClassifier(class_weight={}, criterion='entropy',
                                      max_depth=5, max_features=1.0,
                                      min_impurity_decrease=0.0002,
                                      min_samples_leaf=5, min_samples_split=10,
                                      n_estimators=150, n_jobs=-1,
                                      random_state=123)]]), probability_threshold=None, encoded_labels=False, raw_score=False, round=4, verbose=True, ml_usecase=MLUsecase.CLASSIFICATION, display=None)
2022-07-23 23:21:53,510:INFO:Checking exceptions
2022-07-23 23:21:53,510:INFO:Preloading libraries
2022-07-23 23:23:17,750:INFO:Initializing load_model()
2022-07-23 23:23:17,750:INFO:load_model(model_name=deployment_23072022, platform=None, authentication=None, verbose=True)
2022-07-23 23:23:26,275:INFO:Initializing load_model()
2022-07-23 23:23:26,276:INFO:load_model(model_name=deployment_23072022, platform=None, authentication=None, verbose=True)
2022-07-23 23:23:26,409:INFO:Initializing predict_model()
2022-07-23 23:23:26,410:INFO:predict_model(estimator=Pipeline(steps=[('dtypes',
                 DataTypes_Auto_infer(ml_usecase='classification',
                                      target='target')),
                ('imputer',
                 Simple_Imputer(categorical_strategy='not_available',
                                fill_value_categorical=None,
                                fill_value_numerical=None,
                                numeric_strategy='mean',
                                target_variable=None)),
                ('new_levels1',
                 New_Catagorical_Levels_in_TestData(replacement_strategy='least '
                                                                         'frequent',
                                                    targ...
                ('clean_names', Clean_Colum_Names()),
                ('feature_select', 'passthrough'), ('fix_multi', 'passthrough'),
                ('dfs', 'passthrough'), ('pca', 'passthrough'),
                ['trained_model',
                 ExtraTreesClassifier(class_weight={}, criterion='entropy',
                                      max_depth=5, max_features=1.0,
                                      min_impurity_decrease=0.0002,
                                      min_samples_leaf=5, min_samples_split=10,
                                      n_estimators=150, n_jobs=-1,
                                      random_state=123)]]), probability_threshold=None, encoded_labels=False, raw_score=False, round=4, verbose=True, ml_usecase=MLUsecase.CLASSIFICATION, display=None)
2022-07-23 23:23:26,410:INFO:Checking exceptions
2022-07-23 23:23:26,411:INFO:Preloading libraries
2022-07-23 23:23:29,910:INFO:Initializing load_model()
2022-07-23 23:23:29,911:INFO:load_model(model_name=deployment_23072022, platform=None, authentication=None, verbose=True)
2022-07-23 23:23:30,096:INFO:Initializing predict_model()
2022-07-23 23:23:30,097:INFO:predict_model(estimator=Pipeline(steps=[('dtypes',
                 DataTypes_Auto_infer(ml_usecase='classification',
                                      target='target')),
                ('imputer',
                 Simple_Imputer(categorical_strategy='not_available',
                                fill_value_categorical=None,
                                fill_value_numerical=None,
                                numeric_strategy='mean',
                                target_variable=None)),
                ('new_levels1',
                 New_Catagorical_Levels_in_TestData(replacement_strategy='least '
                                                                         'frequent',
                                                    targ...
                ('clean_names', Clean_Colum_Names()),
                ('feature_select', 'passthrough'), ('fix_multi', 'passthrough'),
                ('dfs', 'passthrough'), ('pca', 'passthrough'),
                ['trained_model',
                 ExtraTreesClassifier(class_weight={}, criterion='entropy',
                                      max_depth=5, max_features=1.0,
                                      min_impurity_decrease=0.0002,
                                      min_samples_leaf=5, min_samples_split=10,
                                      n_estimators=150, n_jobs=-1,
                                      random_state=123)]]), probability_threshold=None, encoded_labels=False, raw_score=False, round=4, verbose=True, ml_usecase=MLUsecase.CLASSIFICATION, display=None)
2022-07-23 23:23:30,098:INFO:Checking exceptions
2022-07-23 23:23:30,099:INFO:Preloading libraries
2022-07-24 11:46:31,610:INFO:Initializing load_model()
2022-07-24 11:46:31,625:INFO:load_model(model_name=deployment_23072022, platform=None, authentication=None, verbose=True)
2022-07-24 12:06:21,985:INFO:Initializing load_model()
2022-07-24 12:06:21,986:INFO:load_model(model_name=deployment_23072022, platform=None, authentication=None, verbose=True)
2022-07-24 12:06:22,169:INFO:Initializing predict_model()
2022-07-24 12:06:22,170:INFO:predict_model(estimator=Pipeline(steps=[('dtypes',
                 DataTypes_Auto_infer(ml_usecase='classification',
                                      target='target')),
                ('imputer',
                 Simple_Imputer(categorical_strategy='not_available',
                                fill_value_categorical=None,
                                fill_value_numerical=None,
                                numeric_strategy='mean',
                                target_variable=None)),
                ('new_levels1',
                 New_Catagorical_Levels_in_TestData(replacement_strategy='least '
                                                                         'frequent',
                                                    targ...
                ('clean_names', Clean_Colum_Names()),
                ('feature_select', 'passthrough'), ('fix_multi', 'passthrough'),
                ('dfs', 'passthrough'), ('pca', 'passthrough'),
                ['trained_model',
                 ExtraTreesClassifier(class_weight={}, criterion='entropy',
                                      max_depth=5, max_features=1.0,
                                      min_impurity_decrease=0.0002,
                                      min_samples_leaf=5, min_samples_split=10,
                                      n_estimators=150, n_jobs=-1,
                                      random_state=123)]]), probability_threshold=None, encoded_labels=False, raw_score=False, round=4, verbose=True, ml_usecase=MLUsecase.CLASSIFICATION, display=None)
2022-07-24 12:06:22,170:INFO:Checking exceptions
2022-07-24 12:06:22,170:INFO:Preloading libraries
2022-07-24 12:09:18,837:INFO:Initializing load_model()
2022-07-24 12:09:18,838:INFO:load_model(model_name=deployment_23072022, platform=None, authentication=None, verbose=True)
2022-07-24 12:09:29,535:INFO:Initializing load_model()
2022-07-24 12:09:29,536:INFO:load_model(model_name=deployment_23072022, platform=None, authentication=None, verbose=True)
2022-07-24 12:09:29,674:INFO:Initializing predict_model()
2022-07-24 12:09:29,675:INFO:predict_model(estimator=Pipeline(steps=[('dtypes',
                 DataTypes_Auto_infer(ml_usecase='classification',
                                      target='target')),
                ('imputer',
                 Simple_Imputer(categorical_strategy='not_available',
                                fill_value_categorical=None,
                                fill_value_numerical=None,
                                numeric_strategy='mean',
                                target_variable=None)),
                ('new_levels1',
                 New_Catagorical_Levels_in_TestData(replacement_strategy='least '
                                                                         'frequent',
                                                    targ...
                ('clean_names', Clean_Colum_Names()),
                ('feature_select', 'passthrough'), ('fix_multi', 'passthrough'),
                ('dfs', 'passthrough'), ('pca', 'passthrough'),
                ['trained_model',
                 ExtraTreesClassifier(class_weight={}, criterion='entropy',
                                      max_depth=5, max_features=1.0,
                                      min_impurity_decrease=0.0002,
                                      min_samples_leaf=5, min_samples_split=10,
                                      n_estimators=150, n_jobs=-1,
                                      random_state=123)]]), probability_threshold=None, encoded_labels=False, raw_score=False, round=4, verbose=True, ml_usecase=MLUsecase.CLASSIFICATION, display=None)
2022-07-24 12:09:29,708:INFO:Checking exceptions
2022-07-24 12:09:29,709:INFO:Preloading libraries
2022-07-24 21:29:45,410:INFO:Initializing load_model()
2022-07-24 21:29:45,425:INFO:load_model(model_name=deployment_23072022, platform=None, authentication=None, verbose=True)
2022-07-24 21:30:47,544:INFO:Initializing load_model()
2022-07-24 21:30:47,545:INFO:load_model(model_name=deployment_23072022, platform=None, authentication=None, verbose=True)
2022-07-24 21:31:11,507:INFO:Initializing load_model()
2022-07-24 21:31:11,509:INFO:load_model(model_name=deployment_23072022, platform=None, authentication=None, verbose=True)
2022-07-24 21:31:11,716:INFO:Initializing predict_model()
2022-07-24 21:31:11,716:INFO:predict_model(estimator=Pipeline(steps=[('dtypes',
                 DataTypes_Auto_infer(ml_usecase='classification',
                                      target='target')),
                ('imputer',
                 Simple_Imputer(categorical_strategy='not_available',
                                fill_value_categorical=None,
                                fill_value_numerical=None,
                                numeric_strategy='mean',
                                target_variable=None)),
                ('new_levels1',
                 New_Catagorical_Levels_in_TestData(replacement_strategy='least '
                                                                         'frequent',
                                                    targ...
                ('clean_names', Clean_Colum_Names()),
                ('feature_select', 'passthrough'), ('fix_multi', 'passthrough'),
                ('dfs', 'passthrough'), ('pca', 'passthrough'),
                ['trained_model',
                 ExtraTreesClassifier(class_weight={}, criterion='entropy',
                                      max_depth=5, max_features=1.0,
                                      min_impurity_decrease=0.0002,
                                      min_samples_leaf=5, min_samples_split=10,
                                      n_estimators=150, n_jobs=-1,
                                      random_state=123)]]), probability_threshold=None, encoded_labels=False, raw_score=False, round=4, verbose=True, ml_usecase=MLUsecase.CLASSIFICATION, display=None)
2022-07-24 21:31:11,717:INFO:Checking exceptions
2022-07-24 21:31:11,717:INFO:Preloading libraries
2022-07-24 21:34:27,943:INFO:Initializing load_model()
2022-07-24 21:34:27,944:INFO:load_model(model_name=deployment_23072022, platform=None, authentication=None, verbose=True)
2022-07-24 21:38:13,066:INFO:Initializing load_model()
2022-07-24 21:38:13,088:INFO:load_model(model_name=deployment_23072022, platform=None, authentication=None, verbose=True)
2022-07-24 21:38:53,856:INFO:Initializing load_model()
2022-07-24 21:38:53,856:INFO:load_model(model_name=deployment_23072022, platform=None, authentication=None, verbose=True)
2022-07-24 21:39:36,847:INFO:Initializing load_model()
2022-07-24 21:39:36,848:INFO:load_model(model_name=deployment_23072022, platform=None, authentication=None, verbose=True)
2022-07-24 21:39:37,032:INFO:Initializing predict_model()
2022-07-24 21:39:37,032:INFO:predict_model(estimator=Pipeline(steps=[('dtypes',
                 DataTypes_Auto_infer(ml_usecase='classification',
                                      target='target')),
                ('imputer',
                 Simple_Imputer(categorical_strategy='not_available',
                                fill_value_categorical=None,
                                fill_value_numerical=None,
                                numeric_strategy='mean',
                                target_variable=None)),
                ('new_levels1',
                 New_Catagorical_Levels_in_TestData(replacement_strategy='least '
                                                                         'frequent',
                                                    targ...
                ('clean_names', Clean_Colum_Names()),
                ('feature_select', 'passthrough'), ('fix_multi', 'passthrough'),
                ('dfs', 'passthrough'), ('pca', 'passthrough'),
                ['trained_model',
                 ExtraTreesClassifier(class_weight={}, criterion='entropy',
                                      max_depth=5, max_features=1.0,
                                      min_impurity_decrease=0.0002,
                                      min_samples_leaf=5, min_samples_split=10,
                                      n_estimators=150, n_jobs=-1,
                                      random_state=123)]]), probability_threshold=None, encoded_labels=False, raw_score=False, round=4, verbose=True, ml_usecase=MLUsecase.CLASSIFICATION, display=None)
2022-07-24 21:39:37,035:INFO:Checking exceptions
2022-07-24 21:39:37,035:INFO:Preloading libraries
2022-07-24 21:41:34,221:INFO:Initializing load_model()
2022-07-24 21:41:34,222:INFO:load_model(model_name=deployment_23072022, platform=None, authentication=None, verbose=True)
2022-07-24 21:41:39,733:INFO:Initializing load_model()
2022-07-24 21:41:39,733:INFO:load_model(model_name=deployment_23072022, platform=None, authentication=None, verbose=True)
2022-07-24 21:41:39,901:INFO:Initializing predict_model()
2022-07-24 21:41:39,901:INFO:predict_model(estimator=Pipeline(steps=[('dtypes',
                 DataTypes_Auto_infer(ml_usecase='classification',
                                      target='target')),
                ('imputer',
                 Simple_Imputer(categorical_strategy='not_available',
                                fill_value_categorical=None,
                                fill_value_numerical=None,
                                numeric_strategy='mean',
                                target_variable=None)),
                ('new_levels1',
                 New_Catagorical_Levels_in_TestData(replacement_strategy='least '
                                                                         'frequent',
                                                    targ...
                ('clean_names', Clean_Colum_Names()),
                ('feature_select', 'passthrough'), ('fix_multi', 'passthrough'),
                ('dfs', 'passthrough'), ('pca', 'passthrough'),
                ['trained_model',
                 ExtraTreesClassifier(class_weight={}, criterion='entropy',
                                      max_depth=5, max_features=1.0,
                                      min_impurity_decrease=0.0002,
                                      min_samples_leaf=5, min_samples_split=10,
                                      n_estimators=150, n_jobs=-1,
                                      random_state=123)]]), probability_threshold=None, encoded_labels=False, raw_score=False, round=4, verbose=True, ml_usecase=MLUsecase.CLASSIFICATION, display=None)
2022-07-24 21:41:39,901:INFO:Checking exceptions
2022-07-24 21:41:39,902:INFO:Preloading libraries
2022-07-24 21:42:15,188:INFO:Initializing load_model()
2022-07-24 21:42:15,189:INFO:load_model(model_name=deployment_23072022, platform=None, authentication=None, verbose=True)
2022-07-24 21:42:21,316:INFO:Initializing load_model()
2022-07-24 21:42:21,316:INFO:load_model(model_name=deployment_23072022, platform=None, authentication=None, verbose=True)
2022-07-24 21:42:21,485:INFO:Initializing predict_model()
2022-07-24 21:42:21,485:INFO:predict_model(estimator=Pipeline(steps=[('dtypes',
                 DataTypes_Auto_infer(ml_usecase='classification',
                                      target='target')),
                ('imputer',
                 Simple_Imputer(categorical_strategy='not_available',
                                fill_value_categorical=None,
                                fill_value_numerical=None,
                                numeric_strategy='mean',
                                target_variable=None)),
                ('new_levels1',
                 New_Catagorical_Levels_in_TestData(replacement_strategy='least '
                                                                         'frequent',
                                                    targ...
                ('clean_names', Clean_Colum_Names()),
                ('feature_select', 'passthrough'), ('fix_multi', 'passthrough'),
                ('dfs', 'passthrough'), ('pca', 'passthrough'),
                ['trained_model',
                 ExtraTreesClassifier(class_weight={}, criterion='entropy',
                                      max_depth=5, max_features=1.0,
                                      min_impurity_decrease=0.0002,
                                      min_samples_leaf=5, min_samples_split=10,
                                      n_estimators=150, n_jobs=-1,
                                      random_state=123)]]), probability_threshold=None, encoded_labels=False, raw_score=False, round=4, verbose=True, ml_usecase=MLUsecase.CLASSIFICATION, display=None)
2022-07-24 21:42:21,485:INFO:Checking exceptions
2022-07-24 21:42:21,486:INFO:Preloading libraries
2022-07-24 21:51:22,175:INFO:Initializing load_model()
2022-07-24 21:51:22,176:INFO:load_model(model_name=deployment_23072022, platform=None, authentication=None, verbose=True)
2022-07-24 21:52:02,167:INFO:Initializing load_model()
2022-07-24 21:52:02,169:INFO:load_model(model_name=deployment_23072022, platform=None, authentication=None, verbose=True)
2022-07-24 21:52:02,498:INFO:Initializing predict_model()
2022-07-24 21:52:02,499:INFO:predict_model(estimator=Pipeline(steps=[('dtypes',
                 DataTypes_Auto_infer(ml_usecase='classification',
                                      target='target')),
                ('imputer',
                 Simple_Imputer(categorical_strategy='not_available',
                                fill_value_categorical=None,
                                fill_value_numerical=None,
                                numeric_strategy='mean',
                                target_variable=None)),
                ('new_levels1',
                 New_Catagorical_Levels_in_TestData(replacement_strategy='least '
                                                                         'frequent',
                                                    targ...
                ('clean_names', Clean_Colum_Names()),
                ('feature_select', 'passthrough'), ('fix_multi', 'passthrough'),
                ('dfs', 'passthrough'), ('pca', 'passthrough'),
                ['trained_model',
                 ExtraTreesClassifier(class_weight={}, criterion='entropy',
                                      max_depth=5, max_features=1.0,
                                      min_impurity_decrease=0.0002,
                                      min_samples_leaf=5, min_samples_split=10,
                                      n_estimators=150, n_jobs=-1,
                                      random_state=123)]]), probability_threshold=None, encoded_labels=False, raw_score=False, round=4, verbose=True, ml_usecase=MLUsecase.CLASSIFICATION, display=None)
2022-07-24 21:52:02,499:INFO:Checking exceptions
2022-07-24 21:52:02,500:INFO:Preloading libraries
2022-07-25 20:57:35,079:INFO:Initializing load_model()
2022-07-25 20:57:35,094:INFO:load_model(model_name=deployment_23072022, platform=None, authentication=None, verbose=True)
2022-07-25 20:58:10,444:INFO:Initializing load_model()
2022-07-25 20:58:10,444:INFO:load_model(model_name=deployment_23072022, platform=None, authentication=None, verbose=True)
2022-07-25 20:58:10,669:INFO:Initializing predict_model()
2022-07-25 20:58:10,670:INFO:predict_model(estimator=Pipeline(steps=[('dtypes',
                 DataTypes_Auto_infer(ml_usecase='classification',
                                      target='target')),
                ('imputer',
                 Simple_Imputer(categorical_strategy='not_available',
                                fill_value_categorical=None,
                                fill_value_numerical=None,
                                numeric_strategy='mean',
                                target_variable=None)),
                ('new_levels1',
                 New_Catagorical_Levels_in_TestData(replacement_strategy='least '
                                                                         'frequent',
                                                    targ...
                ('clean_names', Clean_Colum_Names()),
                ('feature_select', 'passthrough'), ('fix_multi', 'passthrough'),
                ('dfs', 'passthrough'), ('pca', 'passthrough'),
                ['trained_model',
                 ExtraTreesClassifier(class_weight={}, criterion='entropy',
                                      max_depth=5, max_features=1.0,
                                      min_impurity_decrease=0.0002,
                                      min_samples_leaf=5, min_samples_split=10,
                                      n_estimators=150, n_jobs=-1,
                                      random_state=123)]]), probability_threshold=None, encoded_labels=False, raw_score=False, round=4, verbose=True, ml_usecase=MLUsecase.CLASSIFICATION, display=None)
2022-07-25 20:58:10,690:INFO:Checking exceptions
2022-07-25 20:58:10,691:INFO:Preloading libraries
2022-07-31 20:37:45,876:INFO:Initializing load_model()
2022-07-31 20:37:45,891:INFO:load_model(model_name=deployment_23072022, platform=None, authentication=None, verbose=True)
2022-07-31 20:41:24,324:INFO:Initializing load_model()
2022-07-31 20:41:24,326:INFO:load_model(model_name=deployment_23072022, platform=None, authentication=None, verbose=True)
2022-07-31 20:41:24,532:INFO:Initializing predict_model()
2022-07-31 20:41:24,533:INFO:predict_model(estimator=Pipeline(steps=[('dtypes',
                 DataTypes_Auto_infer(ml_usecase='classification',
                                      target='target')),
                ('imputer',
                 Simple_Imputer(categorical_strategy='not_available',
                                fill_value_categorical=None,
                                fill_value_numerical=None,
                                numeric_strategy='mean',
                                target_variable=None)),
                ('new_levels1',
                 New_Catagorical_Levels_in_TestData(replacement_strategy='least '
                                                                         'frequent',
                                                    targ...
                ('clean_names', Clean_Colum_Names()),
                ('feature_select', 'passthrough'), ('fix_multi', 'passthrough'),
                ('dfs', 'passthrough'), ('pca', 'passthrough'),
                ['trained_model',
                 ExtraTreesClassifier(class_weight={}, criterion='entropy',
                                      max_depth=5, max_features=1.0,
                                      min_impurity_decrease=0.0002,
                                      min_samples_leaf=5, min_samples_split=10,
                                      n_estimators=150, n_jobs=-1,
                                      random_state=123)]]), probability_threshold=None, encoded_labels=False, raw_score=False, round=4, verbose=True, ml_usecase=MLUsecase.CLASSIFICATION, display=None)
2022-07-31 20:41:24,533:INFO:Checking exceptions
2022-07-31 20:41:24,533:INFO:Preloading libraries
2022-07-31 21:06:18,544:INFO:Initializing load_model()
2022-07-31 21:06:18,544:INFO:load_model(model_name=deployment_23072022, platform=None, authentication=None, verbose=True)
2022-07-31 21:10:38,212:INFO:Initializing load_model()
2022-07-31 21:10:38,213:INFO:load_model(model_name=deployment_23072022, platform=None, authentication=None, verbose=True)
2022-07-31 21:11:32,428:INFO:Initializing load_model()
2022-07-31 21:11:32,429:INFO:load_model(model_name=deployment_23072022, platform=None, authentication=None, verbose=True)
2022-07-31 21:16:54,453:INFO:Initializing load_model()
2022-07-31 21:16:54,454:INFO:load_model(model_name=deployment_23072022, platform=None, authentication=None, verbose=True)
2022-07-31 21:17:17,949:INFO:Initializing load_model()
2022-07-31 21:17:17,978:INFO:load_model(model_name=deployment_23072022, platform=None, authentication=None, verbose=True)
2022-07-31 21:17:32,432:INFO:Initializing load_model()
2022-07-31 21:17:32,433:INFO:load_model(model_name=deployment_23072022, platform=None, authentication=None, verbose=True)
2022-07-31 21:18:14,710:INFO:Initializing load_model()
2022-07-31 21:18:14,711:INFO:load_model(model_name=deployment_23072022, platform=None, authentication=None, verbose=True)
2022-07-31 21:19:14,006:INFO:Initializing load_model()
2022-07-31 21:19:14,007:INFO:load_model(model_name=deployment_23072022, platform=None, authentication=None, verbose=True)
2022-07-31 21:19:19,228:INFO:Initializing load_model()
2022-07-31 21:19:19,229:INFO:load_model(model_name=deployment_23072022, platform=None, authentication=None, verbose=True)
2022-07-31 21:19:22,799:INFO:Initializing load_model()
2022-07-31 21:19:22,800:INFO:load_model(model_name=deployment_23072022, platform=None, authentication=None, verbose=True)
2022-07-31 21:19:26,367:INFO:Initializing load_model()
2022-07-31 21:19:26,368:INFO:load_model(model_name=deployment_23072022, platform=None, authentication=None, verbose=True)
2022-07-31 21:19:30,308:INFO:Initializing load_model()
2022-07-31 21:19:30,309:INFO:load_model(model_name=deployment_23072022, platform=None, authentication=None, verbose=True)
2022-07-31 21:19:34,007:INFO:Initializing load_model()
2022-07-31 21:19:34,008:INFO:load_model(model_name=deployment_23072022, platform=None, authentication=None, verbose=True)
2022-07-31 21:21:34,326:INFO:Initializing load_model()
2022-07-31 21:21:34,326:INFO:load_model(model_name=deployment_23072022, platform=None, authentication=None, verbose=True)
2022-07-31 21:23:04,882:INFO:Initializing load_model()
2022-07-31 21:23:04,883:INFO:load_model(model_name=deployment_23072022, platform=None, authentication=None, verbose=True)
2022-07-31 21:23:16,210:INFO:Initializing load_model()
2022-07-31 21:23:16,210:INFO:load_model(model_name=deployment_23072022, platform=None, authentication=None, verbose=True)
2022-07-31 21:27:10,360:INFO:Initializing load_model()
2022-07-31 21:27:10,361:INFO:load_model(model_name=deployment_23072022, platform=None, authentication=None, verbose=True)
2022-07-31 21:32:07,842:INFO:Initializing load_model()
2022-07-31 21:32:07,843:INFO:load_model(model_name=deployment_23072022, platform=None, authentication=None, verbose=True)
2022-07-31 21:32:37,587:INFO:Initializing load_model()
2022-07-31 21:32:37,589:INFO:load_model(model_name=deployment_23072022, platform=None, authentication=None, verbose=True)
2022-07-31 21:37:11,957:INFO:Initializing load_model()
2022-07-31 21:37:11,959:INFO:load_model(model_name=deployment_23072022, platform=None, authentication=None, verbose=True)
2022-07-31 21:37:35,787:INFO:Initializing load_model()
2022-07-31 21:37:35,788:INFO:load_model(model_name=deployment_23072022, platform=None, authentication=None, verbose=True)
2022-08-07 00:18:06,830:INFO:Initializing load_model()
2022-08-07 00:18:06,830:INFO:load_model(model_name=deployment_23072022, platform=None, authentication=None, verbose=True)
2022-08-07 00:40:26,616:INFO:Initializing load_model()
2022-08-07 00:40:26,617:INFO:load_model(model_name=deployment_23072022, platform=None, authentication=None, verbose=True)
2022-08-07 00:43:52,227:INFO:Initializing load_model()
2022-08-07 00:43:52,228:INFO:load_model(model_name=deployment_23072022, platform=None, authentication=None, verbose=True)
2022-08-07 00:46:36,990:INFO:Initializing load_model()
2022-08-07 00:46:36,991:INFO:load_model(model_name=deployment_23072022, platform=None, authentication=None, verbose=True)
2022-08-07 00:46:45,633:INFO:Initializing load_model()
2022-08-07 00:46:45,635:INFO:load_model(model_name=deployment_23072022, platform=None, authentication=None, verbose=True)
2022-08-07 00:48:28,123:INFO:Initializing load_model()
2022-08-07 00:48:28,124:INFO:load_model(model_name=deployment_23072022, platform=None, authentication=None, verbose=True)
2022-08-07 00:48:34,117:INFO:Initializing load_model()
2022-08-07 00:48:34,119:INFO:load_model(model_name=deployment_23072022, platform=None, authentication=None, verbose=True)
2022-08-07 00:48:38,957:INFO:Initializing load_model()
2022-08-07 00:48:38,958:INFO:load_model(model_name=deployment_23072022, platform=None, authentication=None, verbose=True)
2022-08-07 00:48:40,921:INFO:Initializing load_model()
2022-08-07 00:48:40,923:INFO:load_model(model_name=deployment_23072022, platform=None, authentication=None, verbose=True)
2022-08-07 00:48:42,299:INFO:Initializing load_model()
2022-08-07 00:48:42,300:INFO:load_model(model_name=deployment_23072022, platform=None, authentication=None, verbose=True)
2022-08-07 00:48:52,606:INFO:Initializing load_model()
2022-08-07 00:48:52,607:INFO:load_model(model_name=deployment_23072022, platform=None, authentication=None, verbose=True)
2022-08-07 00:50:07,754:INFO:Initializing load_model()
2022-08-07 00:50:07,756:INFO:load_model(model_name=deployment_23072022, platform=None, authentication=None, verbose=True)
2022-08-07 09:47:28,108:INFO:Initializing load_model()
2022-08-07 09:47:28,156:INFO:load_model(model_name=deployment_23072022, platform=None, authentication=None, verbose=True)
2022-08-07 09:47:38,195:INFO:Initializing load_model()
2022-08-07 09:47:38,196:INFO:load_model(model_name=deployment_23072022, platform=None, authentication=None, verbose=True)
2022-08-07 09:47:40,068:INFO:Initializing load_model()
2022-08-07 09:47:40,069:INFO:load_model(model_name=deployment_23072022, platform=None, authentication=None, verbose=True)
2022-08-07 09:47:56,155:INFO:Initializing load_model()
2022-08-07 09:47:56,157:INFO:load_model(model_name=deployment_23072022, platform=None, authentication=None, verbose=True)
2022-08-07 09:48:35,224:INFO:Initializing load_model()
2022-08-07 09:48:35,225:INFO:load_model(model_name=deployment_23072022, platform=None, authentication=None, verbose=True)
2022-08-07 09:49:44,714:INFO:Initializing load_model()
2022-08-07 09:49:44,715:INFO:load_model(model_name=deployment_23072022, platform=None, authentication=None, verbose=True)
2022-08-07 09:50:18,850:INFO:Initializing load_model()
2022-08-07 09:50:18,852:INFO:load_model(model_name=deployment_23072022, platform=None, authentication=None, verbose=True)
2022-08-07 09:52:20,840:INFO:Initializing load_model()
2022-08-07 09:52:20,841:INFO:load_model(model_name=deployment_23072022, platform=None, authentication=None, verbose=True)
2022-08-07 09:54:18,593:INFO:Initializing load_model()
2022-08-07 09:54:18,594:INFO:load_model(model_name=deployment_23072022, platform=None, authentication=None, verbose=True)
2022-08-07 09:54:20,848:INFO:Initializing load_model()
2022-08-07 09:54:20,849:INFO:load_model(model_name=deployment_23072022, platform=None, authentication=None, verbose=True)
2022-08-07 09:54:23,073:INFO:Initializing load_model()
2022-08-07 09:54:23,074:INFO:load_model(model_name=deployment_23072022, platform=None, authentication=None, verbose=True)
2022-08-07 09:59:14,023:INFO:Initializing load_model()
2022-08-07 09:59:14,024:INFO:load_model(model_name=deployment_23072022, platform=None, authentication=None, verbose=True)
2022-08-07 09:59:24,186:INFO:Initializing load_model()
2022-08-07 09:59:24,188:INFO:load_model(model_name=deployment_23072022, platform=None, authentication=None, verbose=True)
2022-08-07 10:00:04,148:INFO:Initializing load_model()
2022-08-07 10:00:04,149:INFO:load_model(model_name=deployment_23072022, platform=None, authentication=None, verbose=True)
2022-08-07 10:00:06,056:INFO:Initializing load_model()
2022-08-07 10:00:06,057:INFO:load_model(model_name=deployment_23072022, platform=None, authentication=None, verbose=True)
2022-08-07 10:00:18,922:INFO:Initializing load_model()
2022-08-07 10:00:18,923:INFO:load_model(model_name=deployment_23072022, platform=None, authentication=None, verbose=True)
2022-08-07 10:01:52,475:INFO:Initializing load_model()
2022-08-07 10:01:52,477:INFO:load_model(model_name=deployment_23072022, platform=None, authentication=None, verbose=True)
2022-08-07 10:02:28,236:INFO:Initializing load_model()
2022-08-07 10:02:28,237:INFO:load_model(model_name=deployment_23072022, platform=None, authentication=None, verbose=True)
2022-08-07 10:02:33,167:INFO:Initializing load_model()
2022-08-07 10:02:33,168:INFO:load_model(model_name=deployment_23072022, platform=None, authentication=None, verbose=True)
2022-08-07 10:02:41,730:INFO:Initializing load_model()
2022-08-07 10:02:41,731:INFO:load_model(model_name=deployment_23072022, platform=None, authentication=None, verbose=True)
2022-08-07 10:03:50,463:INFO:Initializing load_model()
2022-08-07 10:03:50,464:INFO:load_model(model_name=deployment_23072022, platform=None, authentication=None, verbose=True)
2022-08-07 10:03:52,483:INFO:Initializing load_model()
2022-08-07 10:03:52,484:INFO:load_model(model_name=deployment_23072022, platform=None, authentication=None, verbose=True)
2022-08-07 10:03:54,347:INFO:Initializing load_model()
2022-08-07 10:03:54,347:INFO:load_model(model_name=deployment_23072022, platform=None, authentication=None, verbose=True)
2022-08-07 10:03:56,412:INFO:Initializing load_model()
2022-08-07 10:03:56,413:INFO:load_model(model_name=deployment_23072022, platform=None, authentication=None, verbose=True)
2022-08-07 10:03:57,977:INFO:Initializing load_model()
2022-08-07 10:03:57,978:INFO:load_model(model_name=deployment_23072022, platform=None, authentication=None, verbose=True)
2022-08-07 10:04:02,477:INFO:Initializing load_model()
2022-08-07 10:04:02,478:INFO:load_model(model_name=deployment_23072022, platform=None, authentication=None, verbose=True)
2022-08-07 10:06:27,502:INFO:Initializing load_model()
2022-08-07 10:06:27,504:INFO:load_model(model_name=deployment_23072022, platform=None, authentication=None, verbose=True)
2022-08-07 10:06:28,588:INFO:Initializing load_model()
2022-08-07 10:06:28,589:INFO:load_model(model_name=deployment_23072022, platform=None, authentication=None, verbose=True)
2022-08-07 10:06:30,529:INFO:Initializing load_model()
2022-08-07 10:06:30,531:INFO:load_model(model_name=deployment_23072022, platform=None, authentication=None, verbose=True)
2022-08-07 10:09:50,140:INFO:Initializing load_model()
2022-08-07 10:09:50,142:INFO:load_model(model_name=deployment_23072022, platform=None, authentication=None, verbose=True)
2022-08-07 10:10:12,612:INFO:Initializing load_model()
2022-08-07 10:10:12,613:INFO:load_model(model_name=deployment_23072022, platform=None, authentication=None, verbose=True)
2022-08-07 10:10:59,486:INFO:Initializing load_model()
2022-08-07 10:10:59,487:INFO:load_model(model_name=deployment_23072022, platform=None, authentication=None, verbose=True)
2022-08-07 10:13:20,269:INFO:Initializing load_model()
2022-08-07 10:13:20,270:INFO:load_model(model_name=deployment_23072022, platform=None, authentication=None, verbose=True)
2022-08-07 10:16:28,508:INFO:Initializing load_model()
2022-08-07 10:16:28,509:INFO:load_model(model_name=deployment_23072022, platform=None, authentication=None, verbose=True)
2022-08-07 10:17:24,459:INFO:Initializing load_model()
2022-08-07 10:17:24,460:INFO:load_model(model_name=deployment_23072022, platform=None, authentication=None, verbose=True)
2022-08-07 10:17:37,953:INFO:Initializing load_model()
2022-08-07 10:17:37,955:INFO:load_model(model_name=deployment_23072022, platform=None, authentication=None, verbose=True)
2022-08-07 10:19:59,966:INFO:Initializing load_model()
2022-08-07 10:19:59,967:INFO:load_model(model_name=deployment_23072022, platform=None, authentication=None, verbose=True)
2022-08-07 10:38:28,798:INFO:Initializing load_model()
2022-08-07 10:38:28,799:INFO:load_model(model_name=deployment_23072022, platform=None, authentication=None, verbose=True)
2022-08-07 10:39:54,312:INFO:Initializing load_model()
2022-08-07 10:39:54,315:INFO:load_model(model_name=deployment_23072022, platform=None, authentication=None, verbose=True)
2022-08-07 10:41:14,561:INFO:Initializing load_model()
2022-08-07 10:41:14,562:INFO:load_model(model_name=deployment_23072022, platform=None, authentication=None, verbose=True)
2022-08-07 10:41:56,151:INFO:Initializing load_model()
2022-08-07 10:41:56,152:INFO:load_model(model_name=deployment_23072022, platform=None, authentication=None, verbose=True)
2022-08-07 10:42:34,987:INFO:Initializing load_model()
2022-08-07 10:42:34,988:INFO:load_model(model_name=deployment_23072022, platform=None, authentication=None, verbose=True)
2022-08-07 10:44:17,478:INFO:Initializing load_model()
2022-08-07 10:44:17,480:INFO:load_model(model_name=deployment_23072022, platform=None, authentication=None, verbose=True)
2022-08-07 10:46:10,938:INFO:Initializing load_model()
2022-08-07 10:46:10,940:INFO:load_model(model_name=deployment_23072022, platform=None, authentication=None, verbose=True)
2022-08-07 10:46:49,915:INFO:Initializing load_model()
2022-08-07 10:46:49,916:INFO:load_model(model_name=deployment_23072022, platform=None, authentication=None, verbose=True)
2022-08-07 10:47:18,582:INFO:Initializing load_model()
2022-08-07 10:47:18,585:INFO:load_model(model_name=deployment_23072022, platform=None, authentication=None, verbose=True)
2022-08-07 10:50:08,779:INFO:Initializing load_model()
2022-08-07 10:50:08,786:INFO:load_model(model_name=deployment_23072022, platform=None, authentication=None, verbose=True)
2022-08-07 10:50:35,877:INFO:Initializing load_model()
2022-08-07 10:50:35,878:INFO:load_model(model_name=deployment_23072022, platform=None, authentication=None, verbose=True)
2022-08-07 10:51:29,729:INFO:Initializing load_model()
2022-08-07 10:51:29,730:INFO:load_model(model_name=deployment_23072022, platform=None, authentication=None, verbose=True)
2022-08-07 10:52:00,469:INFO:Initializing load_model()
2022-08-07 10:52:00,470:INFO:load_model(model_name=deployment_23072022, platform=None, authentication=None, verbose=True)
2022-08-07 10:53:07,645:INFO:Initializing load_model()
2022-08-07 10:53:07,647:INFO:load_model(model_name=deployment_23072022, platform=None, authentication=None, verbose=True)
2022-08-07 10:53:18,599:INFO:Initializing load_model()
2022-08-07 10:53:18,600:INFO:load_model(model_name=deployment_23072022, platform=None, authentication=None, verbose=True)
2022-08-07 10:53:20,384:INFO:Initializing load_model()
2022-08-07 10:53:20,386:INFO:load_model(model_name=deployment_23072022, platform=None, authentication=None, verbose=True)
2022-08-07 10:53:35,032:INFO:Initializing load_model()
2022-08-07 10:53:35,032:INFO:load_model(model_name=deployment_23072022, platform=None, authentication=None, verbose=True)
2022-08-07 10:53:36,999:INFO:Initializing load_model()
2022-08-07 10:53:36,999:INFO:load_model(model_name=deployment_23072022, platform=None, authentication=None, verbose=True)
2022-08-07 10:53:38,849:INFO:Initializing load_model()
2022-08-07 10:53:38,850:INFO:load_model(model_name=deployment_23072022, platform=None, authentication=None, verbose=True)
2022-08-07 10:53:42,028:INFO:Initializing load_model()
2022-08-07 10:53:42,029:INFO:load_model(model_name=deployment_23072022, platform=None, authentication=None, verbose=True)
2022-08-07 10:53:46,873:INFO:Initializing load_model()
2022-08-07 10:53:46,874:INFO:load_model(model_name=deployment_23072022, platform=None, authentication=None, verbose=True)
2022-08-07 10:57:17,902:INFO:Initializing load_model()
2022-08-07 10:57:17,902:INFO:load_model(model_name=deployment_23072022, platform=None, authentication=None, verbose=True)
2022-08-07 10:57:24,058:INFO:Initializing load_model()
2022-08-07 10:57:24,059:INFO:load_model(model_name=deployment_23072022, platform=None, authentication=None, verbose=True)
2022-08-07 11:11:32,315:INFO:Initializing load_model()
2022-08-07 11:11:32,316:INFO:load_model(model_name=deployment_23072022, platform=None, authentication=None, verbose=True)
2022-08-07 11:31:35,284:INFO:Initializing load_model()
2022-08-07 11:31:35,336:INFO:load_model(model_name=deployment_23072022, platform=None, authentication=None, verbose=True)
2022-08-07 11:33:22,998:INFO:Initializing load_model()
2022-08-07 11:33:23,000:INFO:load_model(model_name=deployment_23072022, platform=None, authentication=None, verbose=True)
2022-08-07 11:33:36,426:INFO:Initializing load_model()
2022-08-07 11:33:36,427:INFO:load_model(model_name=deployment_23072022, platform=None, authentication=None, verbose=True)
